<?xml version="1.0" encoding="UTF-8"?>
<!-- Generated by org.testng.reporters.JUnitXMLReporter -->
<testsuite ignored="0" hostname="DESKTOP-EE30R9I" failures="0" tests="7" name="Test" time="185.241" errors="0" timestamp="2023-03-30T11:35:48 EDT">
  <testcase classname="testcases.Testcase" name="setup" time="99.919"/>
  <testcase classname="testcases.Testcase" name="home" time="6.5"/>
  <testcase classname="testcases.Testcase" name="signin" time="1.8"/>
  <testcase classname="testcases.Testcase" name="Array" time="35.779"/>
  <testcase classname="testcases.Testcase" name="Stack" time="9.682"/>
  <testcase classname="testcases.Testcase" name="Treepage" time="26.58"/>
  <testcase classname="testcases.Testcase" name="Graphpage" time="4.609"/>
</testsuite> <!-- Test -->
